mode: set
github.com/ahmad-mukhlish/breakfast-and-bed-with-golang/internal/handlers/handlers.go:28.115,35.2 1 1
github.com/ahmad-mukhlish/breakfast-and-bed-with-golang/internal/handlers/handlers.go:37.52,39.2 1 1
github.com/ahmad-mukhlish/breakfast-and-bed-with-golang/internal/handlers/handlers.go:41.75,45.16 3 1
github.com/ahmad-mukhlish/breakfast-and-bed-with-golang/internal/handlers/handlers.go:45.16,48.3 2 0
github.com/ahmad-mukhlish/breakfast-and-bed-with-golang/internal/handlers/handlers.go:52.77,56.16 3 1
github.com/ahmad-mukhlish/breakfast-and-bed-with-golang/internal/handlers/handlers.go:56.16,59.3 2 0
github.com/ahmad-mukhlish/breakfast-and-bed-with-golang/internal/handlers/handlers.go:62.75,66.16 3 1
github.com/ahmad-mukhlish/breakfast-and-bed-with-golang/internal/handlers/handlers.go:66.16,69.3 2 0
github.com/ahmad-mukhlish/breakfast-and-bed-with-golang/internal/handlers/handlers.go:72.77,76.16 3 1
github.com/ahmad-mukhlish/breakfast-and-bed-with-golang/internal/handlers/handlers.go:76.16,79.3 2 0
github.com/ahmad-mukhlish/breakfast-and-bed-with-golang/internal/handlers/handlers.go:82.74,86.16 3 1
github.com/ahmad-mukhlish/breakfast-and-bed-with-golang/internal/handlers/handlers.go:86.16,89.3 2 0
github.com/ahmad-mukhlish/breakfast-and-bed-with-golang/internal/handlers/handlers.go:93.81,97.9 2 1
github.com/ahmad-mukhlish/breakfast-and-bed-with-golang/internal/handlers/handlers.go:97.9,100.3 2 1
github.com/ahmad-mukhlish/breakfast-and-bed-with-golang/internal/handlers/handlers.go:102.2,107.16 4 1
github.com/ahmad-mukhlish/breakfast-and-bed-with-golang/internal/handlers/handlers.go:107.16,110.3 2 1
github.com/ahmad-mukhlish/breakfast-and-bed-with-golang/internal/handlers/handlers.go:112.2,126.73 9 1
github.com/ahmad-mukhlish/breakfast-and-bed-with-golang/internal/handlers/handlers.go:130.85,134.9 2 0
github.com/ahmad-mukhlish/breakfast-and-bed-with-golang/internal/handlers/handlers.go:134.9,137.3 2 0
github.com/ahmad-mukhlish/breakfast-and-bed-with-golang/internal/handlers/handlers.go:139.2,141.16 2 0
github.com/ahmad-mukhlish/breakfast-and-bed-with-golang/internal/handlers/handlers.go:141.16,144.3 2 0
github.com/ahmad-mukhlish/breakfast-and-bed-with-golang/internal/handlers/handlers.go:146.2,157.30 9 0
github.com/ahmad-mukhlish/breakfast-and-bed-with-golang/internal/handlers/handlers.go:157.30,166.17 4 0
github.com/ahmad-mukhlish/breakfast-and-bed-with-golang/internal/handlers/handlers.go:166.17,169.4 2 0
github.com/ahmad-mukhlish/breakfast-and-bed-with-golang/internal/handlers/handlers.go:171.3,171.9 1 0
github.com/ahmad-mukhlish/breakfast-and-bed-with-golang/internal/handlers/handlers.go:173.8,176.19 2 0
github.com/ahmad-mukhlish/breakfast-and-bed-with-golang/internal/handlers/handlers.go:176.19,179.4 2 0
github.com/ahmad-mukhlish/breakfast-and-bed-with-golang/internal/handlers/handlers.go:181.3,190.17 3 0
github.com/ahmad-mukhlish/breakfast-and-bed-with-golang/internal/handlers/handlers.go:190.17,193.4 2 0
github.com/ahmad-mukhlish/breakfast-and-bed-with-golang/internal/handlers/handlers.go:195.3,198.9 3 0
github.com/ahmad-mukhlish/breakfast-and-bed-with-golang/internal/handlers/handlers.go:202.88,207.9 3 1
github.com/ahmad-mukhlish/breakfast-and-bed-with-golang/internal/handlers/handlers.go:207.9,211.3 3 1
github.com/ahmad-mukhlish/breakfast-and-bed-with-golang/internal/handlers/handlers.go:213.2,222.16 6 1
github.com/ahmad-mukhlish/breakfast-and-bed-with-golang/internal/handlers/handlers.go:222.16,225.3 2 0
github.com/ahmad-mukhlish/breakfast-and-bed-with-golang/internal/handlers/handlers.go:229.87,233.16 3 1
github.com/ahmad-mukhlish/breakfast-and-bed-with-golang/internal/handlers/handlers.go:233.16,236.3 2 0
github.com/ahmad-mukhlish/breakfast-and-bed-with-golang/internal/handlers/handlers.go:240.91,246.16 4 0
github.com/ahmad-mukhlish/breakfast-and-bed-with-golang/internal/handlers/handlers.go:246.16,249.3 2 0
github.com/ahmad-mukhlish/breakfast-and-bed-with-golang/internal/handlers/handlers.go:251.2,251.20 1 0
github.com/ahmad-mukhlish/breakfast-and-bed-with-golang/internal/handlers/handlers.go:251.20,254.17 2 0
github.com/ahmad-mukhlish/breakfast-and-bed-with-golang/internal/handlers/handlers.go:254.17,257.4 2 0
github.com/ahmad-mukhlish/breakfast-and-bed-with-golang/internal/handlers/handlers.go:259.3,260.17 2 0
github.com/ahmad-mukhlish/breakfast-and-bed-with-golang/internal/handlers/handlers.go:260.17,263.4 2 0
github.com/ahmad-mukhlish/breakfast-and-bed-with-golang/internal/handlers/handlers.go:265.3,280.17 7 0
github.com/ahmad-mukhlish/breakfast-and-bed-with-golang/internal/handlers/handlers.go:280.17,283.4 2 0
github.com/ahmad-mukhlish/breakfast-and-bed-with-golang/internal/handlers/handlers.go:285.8,288.3 2 0
github.com/ahmad-mukhlish/breakfast-and-bed-with-golang/internal/handlers/handlers.go:297.91,305.16 5 0
github.com/ahmad-mukhlish/breakfast-and-bed-with-golang/internal/handlers/handlers.go:305.16,308.3 2 0
github.com/ahmad-mukhlish/breakfast-and-bed-with-golang/internal/handlers/handlers.go:310.2,314.16 3 0
github.com/ahmad-mukhlish/breakfast-and-bed-with-golang/internal/handlers/handlers.go:314.16,317.3 2 0
github.com/ahmad-mukhlish/breakfast-and-bed-with-golang/internal/handlers/handlers.go:319.2,320.13 2 0
github.com/ahmad-mukhlish/breakfast-and-bed-with-golang/internal/handlers/handlers.go:320.13,323.17 3 0
github.com/ahmad-mukhlish/breakfast-and-bed-with-golang/internal/handlers/handlers.go:323.17,326.4 2 0
github.com/ahmad-mukhlish/breakfast-and-bed-with-golang/internal/handlers/handlers.go:328.3,329.17 2 0
github.com/ahmad-mukhlish/breakfast-and-bed-with-golang/internal/handlers/handlers.go:329.17,332.4 2 0
github.com/ahmad-mukhlish/breakfast-and-bed-with-golang/internal/handlers/handlers.go:334.3,336.25 2 0
github.com/ahmad-mukhlish/breakfast-and-bed-with-golang/internal/handlers/handlers.go:338.8,340.3 1 0
github.com/ahmad-mukhlish/breakfast-and-bed-with-golang/internal/handlers/handlers.go:342.2,346.16 4 0
github.com/ahmad-mukhlish/breakfast-and-bed-with-golang/internal/handlers/handlers.go:346.16,349.3 2 0
github.com/ahmad-mukhlish/breakfast-and-bed-with-golang/internal/handlers/handlers.go:351.2,353.16 3 0
github.com/ahmad-mukhlish/breakfast-and-bed-with-golang/internal/handlers/handlers.go:353.16,356.3 2 0
github.com/ahmad-mukhlish/breakfast-and-bed-with-golang/internal/handlers/handlers.go:359.79,365.16 3 0
github.com/ahmad-mukhlish/breakfast-and-bed-with-golang/internal/handlers/handlers.go:365.16,370.3 2 0
github.com/ahmad-mukhlish/breakfast-and-bed-with-golang/internal/handlers/handlers.go:372.2,374.9 2 0
github.com/ahmad-mukhlish/breakfast-and-bed-with-golang/internal/handlers/handlers.go:374.9,377.3 2 0
github.com/ahmad-mukhlish/breakfast-and-bed-with-golang/internal/handlers/handlers.go:379.2,383.58 3 0
github.com/ahmad-mukhlish/breakfast-and-bed-with-golang/internal/handlers/handlers.go:387.45,400.2 5 1
github.com/ahmad-mukhlish/breakfast-and-bed-with-golang/internal/handlers/handlers.go:402.20,407.2 3 1
