mode: set
github.com/ahmad-mukhlish/breakfast-and-bed-with-golang/internal/handlers/handlers.go:28.115,35.2 1 1
github.com/ahmad-mukhlish/breakfast-and-bed-with-golang/internal/handlers/handlers.go:37.52,39.2 1 1
github.com/ahmad-mukhlish/breakfast-and-bed-with-golang/internal/handlers/handlers.go:41.75,45.16 3 0
github.com/ahmad-mukhlish/breakfast-and-bed-with-golang/internal/handlers/handlers.go:45.16,48.3 2 0
github.com/ahmad-mukhlish/breakfast-and-bed-with-golang/internal/handlers/handlers.go:52.77,56.16 3 0
github.com/ahmad-mukhlish/breakfast-and-bed-with-golang/internal/handlers/handlers.go:56.16,59.3 2 0
github.com/ahmad-mukhlish/breakfast-and-bed-with-golang/internal/handlers/handlers.go:62.75,66.16 3 0
github.com/ahmad-mukhlish/breakfast-and-bed-with-golang/internal/handlers/handlers.go:66.16,69.3 2 0
github.com/ahmad-mukhlish/breakfast-and-bed-with-golang/internal/handlers/handlers.go:72.77,76.16 3 0
github.com/ahmad-mukhlish/breakfast-and-bed-with-golang/internal/handlers/handlers.go:76.16,79.3 2 0
github.com/ahmad-mukhlish/breakfast-and-bed-with-golang/internal/handlers/handlers.go:82.74,86.16 3 0
github.com/ahmad-mukhlish/breakfast-and-bed-with-golang/internal/handlers/handlers.go:86.16,89.3 2 0
github.com/ahmad-mukhlish/breakfast-and-bed-with-golang/internal/handlers/handlers.go:93.81,111.16 11 1
github.com/ahmad-mukhlish/breakfast-and-bed-with-golang/internal/handlers/handlers.go:111.16,114.3 2 0
github.com/ahmad-mukhlish/breakfast-and-bed-with-golang/internal/handlers/handlers.go:116.2,120.16 4 1
github.com/ahmad-mukhlish/breakfast-and-bed-with-golang/internal/handlers/handlers.go:120.16,123.3 2 0
github.com/ahmad-mukhlish/breakfast-and-bed-with-golang/internal/handlers/handlers.go:127.85,131.9 2 0
github.com/ahmad-mukhlish/breakfast-and-bed-with-golang/internal/handlers/handlers.go:131.9,134.3 2 0
github.com/ahmad-mukhlish/breakfast-and-bed-with-golang/internal/handlers/handlers.go:136.2,138.16 2 0
github.com/ahmad-mukhlish/breakfast-and-bed-with-golang/internal/handlers/handlers.go:138.16,141.3 2 0
github.com/ahmad-mukhlish/breakfast-and-bed-with-golang/internal/handlers/handlers.go:143.2,154.30 9 0
github.com/ahmad-mukhlish/breakfast-and-bed-with-golang/internal/handlers/handlers.go:154.30,163.17 4 0
github.com/ahmad-mukhlish/breakfast-and-bed-with-golang/internal/handlers/handlers.go:163.17,166.4 2 0
github.com/ahmad-mukhlish/breakfast-and-bed-with-golang/internal/handlers/handlers.go:168.3,168.9 1 0
github.com/ahmad-mukhlish/breakfast-and-bed-with-golang/internal/handlers/handlers.go:170.8,173.19 2 0
github.com/ahmad-mukhlish/breakfast-and-bed-with-golang/internal/handlers/handlers.go:173.19,176.4 2 0
github.com/ahmad-mukhlish/breakfast-and-bed-with-golang/internal/handlers/handlers.go:178.3,187.17 3 0
github.com/ahmad-mukhlish/breakfast-and-bed-with-golang/internal/handlers/handlers.go:187.17,190.4 2 0
github.com/ahmad-mukhlish/breakfast-and-bed-with-golang/internal/handlers/handlers.go:192.3,195.9 3 0
github.com/ahmad-mukhlish/breakfast-and-bed-with-golang/internal/handlers/handlers.go:199.88,204.9 3 0
github.com/ahmad-mukhlish/breakfast-and-bed-with-golang/internal/handlers/handlers.go:204.9,208.3 3 0
github.com/ahmad-mukhlish/breakfast-and-bed-with-golang/internal/handlers/handlers.go:210.2,219.16 6 0
github.com/ahmad-mukhlish/breakfast-and-bed-with-golang/internal/handlers/handlers.go:219.16,222.3 2 0
github.com/ahmad-mukhlish/breakfast-and-bed-with-golang/internal/handlers/handlers.go:226.87,230.16 3 0
github.com/ahmad-mukhlish/breakfast-and-bed-with-golang/internal/handlers/handlers.go:230.16,233.3 2 0
github.com/ahmad-mukhlish/breakfast-and-bed-with-golang/internal/handlers/handlers.go:237.91,243.16 4 0
github.com/ahmad-mukhlish/breakfast-and-bed-with-golang/internal/handlers/handlers.go:243.16,246.3 2 0
github.com/ahmad-mukhlish/breakfast-and-bed-with-golang/internal/handlers/handlers.go:248.2,248.20 1 0
github.com/ahmad-mukhlish/breakfast-and-bed-with-golang/internal/handlers/handlers.go:248.20,251.17 2 0
github.com/ahmad-mukhlish/breakfast-and-bed-with-golang/internal/handlers/handlers.go:251.17,254.4 2 0
github.com/ahmad-mukhlish/breakfast-and-bed-with-golang/internal/handlers/handlers.go:256.3,257.17 2 0
github.com/ahmad-mukhlish/breakfast-and-bed-with-golang/internal/handlers/handlers.go:257.17,260.4 2 0
github.com/ahmad-mukhlish/breakfast-and-bed-with-golang/internal/handlers/handlers.go:262.3,277.17 7 0
github.com/ahmad-mukhlish/breakfast-and-bed-with-golang/internal/handlers/handlers.go:277.17,280.4 2 0
github.com/ahmad-mukhlish/breakfast-and-bed-with-golang/internal/handlers/handlers.go:282.8,285.3 2 0
github.com/ahmad-mukhlish/breakfast-and-bed-with-golang/internal/handlers/handlers.go:294.91,302.16 5 0
github.com/ahmad-mukhlish/breakfast-and-bed-with-golang/internal/handlers/handlers.go:302.16,305.3 2 0
github.com/ahmad-mukhlish/breakfast-and-bed-with-golang/internal/handlers/handlers.go:307.2,311.16 3 0
github.com/ahmad-mukhlish/breakfast-and-bed-with-golang/internal/handlers/handlers.go:311.16,314.3 2 0
github.com/ahmad-mukhlish/breakfast-and-bed-with-golang/internal/handlers/handlers.go:316.2,317.13 2 0
github.com/ahmad-mukhlish/breakfast-and-bed-with-golang/internal/handlers/handlers.go:317.13,320.17 3 0
github.com/ahmad-mukhlish/breakfast-and-bed-with-golang/internal/handlers/handlers.go:320.17,323.4 2 0
github.com/ahmad-mukhlish/breakfast-and-bed-with-golang/internal/handlers/handlers.go:325.3,326.17 2 0
github.com/ahmad-mukhlish/breakfast-and-bed-with-golang/internal/handlers/handlers.go:326.17,329.4 2 0
github.com/ahmad-mukhlish/breakfast-and-bed-with-golang/internal/handlers/handlers.go:331.3,333.25 2 0
github.com/ahmad-mukhlish/breakfast-and-bed-with-golang/internal/handlers/handlers.go:335.8,337.3 1 0
github.com/ahmad-mukhlish/breakfast-and-bed-with-golang/internal/handlers/handlers.go:339.2,343.16 4 0
github.com/ahmad-mukhlish/breakfast-and-bed-with-golang/internal/handlers/handlers.go:343.16,346.3 2 0
github.com/ahmad-mukhlish/breakfast-and-bed-with-golang/internal/handlers/handlers.go:348.2,350.16 3 0
github.com/ahmad-mukhlish/breakfast-and-bed-with-golang/internal/handlers/handlers.go:350.16,353.3 2 0
github.com/ahmad-mukhlish/breakfast-and-bed-with-golang/internal/handlers/handlers.go:356.79,362.16 3 0
github.com/ahmad-mukhlish/breakfast-and-bed-with-golang/internal/handlers/handlers.go:362.16,367.3 2 0
github.com/ahmad-mukhlish/breakfast-and-bed-with-golang/internal/handlers/handlers.go:369.2,371.9 2 0
github.com/ahmad-mukhlish/breakfast-and-bed-with-golang/internal/handlers/handlers.go:371.9,374.3 2 0
github.com/ahmad-mukhlish/breakfast-and-bed-with-golang/internal/handlers/handlers.go:376.2,380.58 3 0
github.com/ahmad-mukhlish/breakfast-and-bed-with-golang/internal/handlers/handlers.go:384.45,397.2 5 0
github.com/ahmad-mukhlish/breakfast-and-bed-with-golang/internal/handlers/handlers.go:399.20,404.2 3 1
